<?xml version="1.0" encoding="UTF-8"?>
<testsuite xmlns:xsi="http://www.w3.org/2001/XMLSchema-instance" xsi:noNamespaceSchemaLocation="https://maven.apache.org/surefire/maven-surefire-plugin/xsd/surefire-test-report-3.0.xsd" version="3.0" name="com.dbp.backendtourplus.tour.infrastructure.TourRepositoryTest" time="3.241" tests="3" errors="0" skipped="0" failures="0">
  <properties>
[...]
</properties>
  <testcase name="testFindById" classname="com.dbp.backendtourplus.tour.infrastructure.TourRepositoryTest" time="0.286">
    <system-out><![CDATA[2024-10-13T20:28:05.318-05:00  INFO 11252 --- [           main] t.c.s.AnnotationConfigContextLoaderUtils : Could not detect default configuration classes for test class [com.dbp.backendtourplus.tour.infrastructure.TourRepositoryTest]: TourRepositoryTest does not declare any static, non-private, non-final, nested classes annotated with @Configuration.
2024-10-13T20:28:05.486-05:00  INFO 11252 --- [           main] .b.t.c.SpringBootTestContextBootstrapper : Found @SpringBootConfiguration com.dbp.backendtourplus.BackendTourPlusApplication for test class com.dbp.backendtourplus.tour.infrastructure.TourRepositoryTest

  .   ____          _            __ _ _
 /\\ / ___'_ __ _ _(_)_ __  __ _ \ \ \ \
( ( )\___ | '_ | '_| | '_ \/ _` | \ \ \ \
 \\/  ___)| |_)| | | | | || (_| |  ) ) ) )
  '  |____| .__|_| |_|_| |_\__, | / / / /
 =========|_|==============|___/=/_/_/_/

 :: Spring Boot ::                (v3.3.4)

2024-10-13T20:28:05.621-05:00  INFO 11252 --- [           main] c.d.b.t.i.TourRepositoryTest             : Starting TourRepositoryTest using Java 22.0.2 with PID 11252 (started by jhonc in D:\TourPlus\BackendTourPlus)
2024-10-13T20:28:05.623-05:00  INFO 11252 --- [           main] c.d.b.t.i.TourRepositoryTest             : No active profile set, falling back to 1 default profile: "default"
2024-10-13T20:28:05.980-05:00  INFO 11252 --- [           main] .s.d.r.c.RepositoryConfigurationDelegate : Bootstrapping Spring Data JPA repositories in DEFAULT mode.
2024-10-13T20:28:06.128-05:00  INFO 11252 --- [           main] .s.d.r.c.RepositoryConfigurationDelegate : Finished Spring Data repository scanning in 146 ms. Found 9 JPA repository interfaces.
2024-10-13T20:28:06.185-05:00  INFO 11252 --- [           main] beddedDataSourceBeanFactoryPostProcessor : Replacing 'dataSource' DataSource bean with embedded version
2024-10-13T20:28:06.304-05:00  INFO 11252 --- [           main] o.s.j.d.e.EmbeddedDatabaseFactory        : Starting embedded database: url='jdbc:h2:mem:73a8b1c8-5540-4bdb-85d4-64a609f316a8;DB_CLOSE_DELAY=-1;DB_CLOSE_ON_EXIT=false', username='sa'
2024-10-13T20:28:07.000-05:00  INFO 11252 --- [           main] o.hibernate.jpa.internal.util.LogHelper  : HHH000204: Processing PersistenceUnitInfo [name: default]
2024-10-13T20:28:07.009-05:00  INFO 11252 --- [           main] o.h.c.internal.RegionFactoryInitiator    : HHH000026: Second-level cache disabled
2024-10-13T20:28:07.040-05:00  INFO 11252 --- [           main] o.s.o.j.p.SpringPersistenceUnitInfo      : No LoadTimeWeaver setup: ignoring JPA class transformer
2024-10-13T20:28:07.076-05:00  WARN 11252 --- [           main] org.hibernate.dialect.Dialect            : HHH000511: The 2.2.224 version for [org.hibernate.dialect.PostgreSQLDialect] is no longer supported, hence certain features may not work properly. The minimum supported version is 12.0.0. Check the community dialects project for available legacy versions.
2024-10-13T20:28:07.077-05:00  WARN 11252 --- [           main] org.hibernate.orm.deprecation            : HHH90000025: PostgreSQLDialect does not need to be specified explicitly using 'hibernate.dialect' (remove the property setting and it will be selected by default)
2024-10-13T20:28:07.610-05:00  INFO 11252 --- [           main] o.h.e.t.j.p.i.JtaPlatformInitiator       : HHH000489: No JTA platform available (set 'hibernate.transaction.jta.platform' to enable JTA platform integration)
Hibernate: create table booking (id bigint generated by default as identity, booking_date date, booking_status varchar(255) check (booking_status in ('PENDING','CONFIRMED','CANCELED')), created_at timestamp(6), updated_at timestamp(6), person_id bigint, tour_instance_id bigint, primary key (id))
Hibernate: create table companies (id bigint generated by default as identity, name varchar(255) not null, ruc varchar(255) not null, user_id bigint, primary key (id))
Hibernate: create table location (id bigint generated by default as identity, address varchar(255), latitude float(53), longitude float(53), primary key (id))
Hibernate: create table persons (id bigint generated by default as identity, email varchar(255) not null, first_name varchar(255) not null, last_name varchar(255) not null, user_id bigint, primary key (id))
Hibernate: create table reviews (id bigint generated by default as identity, comment varchar(255) not null, rating integer not null, user_id bigint not null, tour_id bigint not null, primary key (id))
Hibernate: create table tour_categories (id bigint not null, description varchar(255), name varchar(255) check (name in ('ADVENTURE','CULTURAL','HISTORICAL','NATURE')), primary key (id))
Hibernate: create table tour_image_urls (tour_id bigint not null, image_urls varchar(255))
Hibernate: create table tour_instance (id bigint generated by default as identity, end_date timestamp(6), language_status varchar(255) check (language_status in ('SPANISH','ENGLISH','PORTUGUESE','FRENCH')), start_date timestamp(6), tour_duration float(53), tour_id bigint, primary key (id))
Hibernate: create table tours (id bigint not null, description varchar(255), price float(53), title varchar(255), company_id bigint, location_id bigint, tour_category_id bigint, primary key (id))
Hibernate: create table users (id bigint not null, email varchar(255) not null, first_name varchar(255) not null, last_name varchar(255) not null, password varchar(255) not null, role varchar(255) check (role in ('ADMIN','USER')), primary key (id))
Hibernate: alter table if exists persons drop constraint if exists UK1x5aosta48fbss4d5b3kuu0rd
Hibernate: alter table if exists persons add constraint UK1x5aosta48fbss4d5b3kuu0rd unique (email)
Hibernate: create sequence tour_categories_seq start with 1 increment by 50
Hibernate: create sequence tours_seq start with 1 increment by 50
Hibernate: create sequence users_seq start with 1 increment by 50
Hibernate: alter table if exists booking add constraint FKdpnv0xgn20ujpp7sr83u8mntq foreign key (person_id) references persons
Hibernate: alter table if exists booking add constraint FKitk7j59jiafryimh83s47vvy foreign key (tour_instance_id) references tour_instance
Hibernate: alter table if exists companies add constraint FK9l5d0fem75e59uwf9upwuf9du foreign key (user_id) references users
Hibernate: alter table if exists persons add constraint FKrp309masjisdm7mmqon63obpv foreign key (user_id) references users
Hibernate: alter table if exists reviews add constraint FKcgy7qjc1r99dp117y9en6lxye foreign key (user_id) references users
Hibernate: alter table if exists reviews add constraint FKg95fdc12cdl5o06q6la9jh0dm foreign key (tour_id) references tours
Hibernate: alter table if exists tour_image_urls add constraint FKp2r3lj1xxli3qkardbewc2lyj foreign key (tour_id) references tours
Hibernate: alter table if exists tour_instance add constraint FKtebn5d48y8lej34ajrh713few foreign key (tour_id) references tours
Hibernate: alter table if exists tours add constraint FKjduk7weocff7hqdmvx279ly48 foreign key (company_id) references companies
Hibernate: alter table if exists tours add constraint FK12jcigx2r26r1am2dor91x2lx foreign key (location_id) references location
Hibernate: alter table if exists tours add constraint FKaecb48gm71vqnuh1nvvr2isbn foreign key (tour_category_id) references tour_categories
2024-10-13T20:28:07.749-05:00  INFO 11252 --- [           main] j.LocalContainerEntityManagerFactoryBean : Initialized JPA EntityManagerFactory for persistence unit 'default'
2024-10-13T20:28:08.026-05:00  INFO 11252 --- [           main] c.d.b.t.i.TourRepositoryTest             : Started TourRepositoryTest in 2.532 seconds (process running for 23.127)
Hibernate: select nextval('tour_categories_seq')
Hibernate: insert into tour_categories (description,name,id) values (?,?,?)
Hibernate: select nextval('tours_seq')
Hibernate: insert into tours (company_id,description,location_id,price,title,tour_category_id,id) values (?,?,?,?,?,?,?)
]]></system-out>
  </testcase>
  <testcase name="testCreateTour" classname="com.dbp.backendtourplus.tour.infrastructure.TourRepositoryTest" time="0.021">
    <system-out><![CDATA[Hibernate: select nextval('tour_categories_seq')
Hibernate: insert into tour_categories (description,name,id) values (?,?,?)
Hibernate: select nextval('tours_seq')
Hibernate: insert into tours (company_id,description,location_id,price,title,tour_category_id,id) values (?,?,?,?,?,?,?)
Hibernate: insert into tour_categories (description,name,id) values (?,?,?)
Hibernate: insert into tours (company_id,description,location_id,price,title,tour_category_id,id) values (?,?,?,?,?,?,?)
]]></system-out>
  </testcase>
  <testcase name="testDeleteById" classname="com.dbp.backendtourplus.tour.infrastructure.TourRepositoryTest" time="0.193">
    <system-out><![CDATA[Hibernate: insert into tour_categories (description,name,id) values (?,?,?)
Hibernate: insert into tours (company_id,description,location_id,price,title,tour_category_id,id) values (?,?,?,?,?,?,?)
Hibernate: delete from tours where id=?
Hibernate: select t1_0.id,c1_0.id,c1_0.name,c1_0.ruc,u1_0.id,u1_0.email,u1_0.first_name,u1_0.last_name,u1_0.password,u1_0.role,t1_0.description,l1_0.id,l1_0.address,l1_0.latitude,l1_0.longitude,t1_0.price,t1_0.title,tc1_0.id,tc1_0.description,tc1_0.name from tours t1_0 left join companies c1_0 on c1_0.id=t1_0.company_id left join users u1_0 on u1_0.id=c1_0.user_id left join location l1_0 on l1_0.id=t1_0.location_id left join tour_categories tc1_0 on tc1_0.id=t1_0.tour_category_id where t1_0.id=?
]]></system-out>
  </testcase>
</testsuite>